<?xml version="1.0" encoding="UTF-8"?>
<coverage generated="1788025291093" clover="3.2.0">
  <project timestamp="1788025291093" name="All files">
    <metrics statements="39" coveredstatements="35" conditionals="25" coveredconditionals="18" methods="10" coveredmethods="9" elements="74" coveredelements="62" complexity="0" loc="39" ncloc="39" packages="2" files="2" classes="2"/>
    <package name="components">
      <metrics statements="32" coveredstatements="28" conditionals="25" coveredconditionals="18" methods="7" coveredmethods="6"/>
      <file name="player-panel.tsx" path="/Users/raphaelkieling/Dev/personal/magic-life-counter/components/player-panel.tsx">
        <metrics statements="32" coveredstatements="28" conditionals="25" coveredconditionals="18" methods="7" coveredmethods="6"/>
        <line num="3" count="1" type="stmt"/>
        <line num="5" count="1" type="stmt"/>
        <line num="9" count="16" type="stmt"/>
        <line num="10" count="16" type="stmt"/>
        <line num="11" count="16" type="stmt"/>
        <line num="12" count="16" type="stmt"/>
        <line num="13" count="16" type="cond" truecount="1" falsecount="1"/>
        <line num="16" count="14" type="stmt"/>
        <line num="17" count="16" type="stmt"/>
        <line num="18" count="16" type="stmt"/>
        <line num="19" count="16" type="stmt"/>
        <line num="20" count="16" type="stmt"/>
        <line num="22" count="16" type="stmt"/>
        <line num="23" count="15" type="stmt"/>
        <line num="24" count="15" type="cond" truecount="2" falsecount="0"/>
        <line num="25" count="2" type="cond" truecount="1" falsecount="1"/>
        <line num="26" count="2" type="stmt"/>
        <line num="27" count="2" type="stmt"/>
        <line num="28" count="13" type="cond" truecount="1" falsecount="1"/>
        <line num="29" count="0" type="stmt"/>
        <line num="30" count="0" type="stmt"/>
        <line num="34" count="16" type="stmt"/>
        <line num="35" count="15" type="cond" truecount="4" falsecount="0"/>
        <line num="36" count="1" type="stmt"/>
        <line num="37" count="1" type="cond" truecount="1" falsecount="1"/>
        <line num="38" count="1" type="stmt"/>
        <line num="39" count="0" type="stmt"/>
        <line num="40" count="0" type="stmt"/>
        <line num="45" count="16" type="stmt"/>
        <line num="46" count="16" type="stmt"/>
        <line num="57" count="4" type="stmt"/>
        <line num="77" count="3" type="stmt"/>
      </file>
    </package>
    <package name="lib">
      <metrics statements="7" coveredstatements="7" conditionals="0" coveredconditionals="0" methods="3" coveredmethods="3"/>
      <file name="increment.ts" path="/Users/raphaelkieling/Dev/personal/magic-life-counter/lib/increment.ts">
        <metrics statements="7" coveredstatements="7" conditionals="0" coveredconditionals="0" methods="3" coveredmethods="3"/>
        <line num="6" count="8" type="stmt"/>
        <line num="7" count="80" type="stmt"/>
        <line num="8" count="80" type="stmt"/>
        <line num="14" count="28" type="stmt"/>
        <line num="15" count="28" type="stmt"/>
        <line num="18" count="44" type="stmt"/>
        <line num="19" count="44" type="stmt"/>
      </file>
    </package>
  </project>
</coverage>
