{"/Users/raphaelkieling/Dev/personal/magic-life-counter/components/player-panel.tsx": {"path":"/Users/raphaelkieling/Dev/personal/magic-life-counter/components/player-panel.tsx","statementMap":{"0":{"start":{"line":16,"column":16},"end":{"line":16,"column":28}},"1":{"start":{"line":3,"column":44},"end":{"line":3,"column":null}},"2":{"start":{"line":5,"column":54},"end":{"line":5,"column":null}},"3":{"start":{"line":9,"column":14},"end":{"line":9,"column":null}},"4":{"start":{"line":10,"column":12},"end":{"line":10,"column":null}},"5":{"start":{"line":11,"column":12},"end":{"line":11,"column":null}},"6":{"start":{"line":12,"column":12},"end":{"line":12,"column":null}},"7":{"start":{"line":13,"column":2},"end":{"line":13,"column":null}},"8":{"start":{"line":17,"column":42},"end":{"line":17,"column":null}},"9":{"start":{"line":18,"column":34},"end":{"line":18,"column":null}},"10":{"start":{"line":19,"column":23},"end":{"line":19,"column":null}},"11":{"start":{"line":20,"column":23},"end":{"line":20,"column":null}},"12":{"start":{"line":22,"column":2},"end":{"line":32,"column":null}},"13":{"start":{"line":23,"column":18},"end":{"line":23,"column":52}},"14":{"start":{"line":24,"column":4},"end":{"line":31,"column":null}},"15":{"start":{"line":25,"column":19},"end":{"line":25,"column":null}},"16":{"start":{"line":26,"column":6},"end":{"line":26,"column":null}},"17":{"start":{"line":27,"column":6},"end":{"line":27,"column":null}},"18":{"start":{"line":28,"column":11},"end":{"line":31,"column":null}},"19":{"start":{"line":29,"column":6},"end":{"line":29,"column":null}},"20":{"start":{"line":30,"column":6},"end":{"line":30,"column":null}},"21":{"start":{"line":34,"column":2},"end":{"line":43,"column":null}},"22":{"start":{"line":35,"column":4},"end":{"line":42,"column":null}},"23":{"start":{"line":36,"column":6},"end":{"line":36,"column":null}},"24":{"start":{"line":37,"column":6},"end":{"line":37,"column":null}},"25":{"start":{"line":37,"column":32},"end":{"line":37,"column":null}},"26":{"start":{"line":38,"column":6},"end":{"line":41,"column":null}},"27":{"start":{"line":39,"column":8},"end":{"line":39,"column":null}},"28":{"start":{"line":40,"column":8},"end":{"line":40,"column":null}},"29":{"start":{"line":45,"column":15},"end":{"line":45,"column":null}},"30":{"start":{"line":46,"column":21},"end":{"line":46,"column":null}},"31":{"start":{"line":57,"column":85},"end":{"line":57,"column":104}},"32":{"start":{"line":77,"column":85},"end":{"line":77,"column":103}}},"fnMap":{"0":{"name":"contrast","decl":{"start":{"line":8,"column":9},"end":{"line":8,"column":18}},"loc":{"start":{"line":8,"column":31},"end":{"line":14,"column":null}}},"1":{"name":"PlayerPanel","decl":{"start":{"line":16,"column":16},"end":{"line":16,"column":28}},"loc":{"start":{"line":16,"column":481},"end":{"line":84,"column":null}}},"2":{"name":"(anonymous_6)","decl":{"start":{"line":22,"column":12},"end":{"line":22,"column":null}},"loc":{"start":{"line":22,"column":12},"end":{"line":32,"column":5}}},"3":{"name":"(anonymous_7)","decl":{"start":{"line":34,"column":12},"end":{"line":34,"column":null}},"loc":{"start":{"line":34,"column":12},"end":{"line":43,"column":5}}},"4":{"name":"(anonymous_8)","decl":{"start":{"line":38,"column":40},"end":{"line":38,"column":null}},"loc":{"start":{"line":38,"column":40},"end":{"line":41,"column":9}}},"5":{"name":"(anonymous_9)","decl":{"start":{"line":57,"column":79},"end":{"line":57,"column":85}},"loc":{"start":{"line":57,"column":85},"end":{"line":57,"column":104}}},"6":{"name":"(anonymous_10)","decl":{"start":{"line":77,"column":79},"end":{"line":77,"column":85}},"loc":{"start":{"line":77,"column":85},"end":{"line":77,"column":103}}}},"branchMap":{"0":{"loc":{"start":{"line":13,"column":9},"end":{"line":13,"column":null}},"type":"cond-expr","locations":[{"start":{"line":13,"column":54},"end":{"line":13,"column":66}},{"start":{"line":13,"column":66},"end":{"line":13,"column":null}}]},"1":{"loc":{"start":{"line":24,"column":4},"end":{"line":31,"column":null}},"type":"if","locations":[{"start":{"line":24,"column":4},"end":{"line":31,"column":null}},{"start":{"line":28,"column":11},"end":{"line":31,"column":null}}]},"2":{"loc":{"start":{"line":25,"column":19},"end":{"line":25,"column":null}},"type":"cond-expr","locations":[{"start":{"line":25,"column":31},"end":{"line":25,"column":37}},{"start":{"line":25,"column":37},"end":{"line":25,"column":null}}]},"3":{"loc":{"start":{"line":28,"column":11},"end":{"line":31,"column":null}},"type":"if","locations":[{"start":{"line":28,"column":11},"end":{"line":31,"column":null}},{"start":{},"end":{}}]},"4":{"loc":{"start":{"line":35,"column":4},"end":{"line":42,"column":null}},"type":"if","locations":[{"start":{"line":35,"column":4},"end":{"line":42,"column":null}},{"start":{},"end":{}}]},"5":{"loc":{"start":{"line":35,"column":8},"end":{"line":35,"column":44}},"type":"binary-expr","locations":[{"start":{"line":35,"column":8},"end":{"line":35,"column":24}},{"start":{"line":35,"column":24},"end":{"line":35,"column":44}}]},"6":{"loc":{"start":{"line":37,"column":6},"end":{"line":37,"column":null}},"type":"if","locations":[{"start":{"line":37,"column":6},"end":{"line":37,"column":null}},{"start":{},"end":{}}]},"7":{"loc":{"start":{"line":48,"column":102},"end":{"line":48,"column":149}},"type":"cond-expr","locations":[{"start":{"line":48,"column":120},"end":{"line":48,"column":139}},{"start":{"line":48,"column":139},"end":{"line":48,"column":149}}]},"8":{"loc":{"start":{"line":50,"column":59},"end":{"line":50,"column":97}},"type":"cond-expr","locations":[{"start":{"line":50,"column":76},"end":{"line":50,"column":88}},{"start":{"line":50,"column":88},"end":{"line":50,"column":97}}]},"9":{"loc":{"start":{"line":52,"column":73},"end":{"line":52,"column":94}},"type":"cond-expr","locations":[{"start":{"line":52,"column":86},"end":{"line":52,"column":90}},{"start":{"line":52,"column":90},"end":{"line":52,"column":94}}]},"10":{"loc":{"start":{"line":60,"column":11},"end":{"line":60,"column":34}},"type":"binary-expr","locations":[{"start":{"line":60,"column":11},"end":{"line":60,"column":34}},{"start":{"line":60,"column":34},"end":{"line":60,"column":null}}]},"11":{"loc":{"start":{"line":68,"column":23},"end":{"line":68,"column":null}},"type":"cond-expr","locations":[{"start":{"line":68,"column":34},"end":{"line":68,"column":38}},{"start":{"line":68,"column":38},"end":{"line":68,"column":null}}]},"12":{"loc":{"start":{"line":80,"column":9},"end":{"line":80,"column":30}},"type":"binary-expr","locations":[{"start":{"line":80,"column":9},"end":{"line":80,"column":30}}]}},"s":{"0":14,"1":1,"2":1,"3":16,"4":16,"5":16,"6":16,"7":16,"8":16,"9":16,"10":16,"11":16,"12":16,"13":15,"14":15,"15":2,"16":2,"17":2,"18":13,"19":0,"20":0,"21":16,"22":15,"23":1,"24":1,"25":0,"26":1,"27":0,"28":0,"29":16,"30":16,"31":4,"32":3},"f":{"0":16,"1":16,"2":15,"3":15,"4":0,"5":4,"6":3},"b":{"0":[16,0],"1":[2,13],"2":[2,0],"3":[0,13],"4":[1,14],"5":[15,1],"6":[0,1],"7":[0,16],"8":[0,16],"9":[0,16],"10":[16,16],"11":[1,1],"12":[16]}}
,"/Users/raphaelkieling/Dev/personal/magic-life-counter/lib/increment.ts": {"path":"/Users/raphaelkieling/Dev/personal/magic-life-counter/lib/increment.ts","statementMap":{"0":{"start":{"line":18,"column":16},"end":{"line":18,"column":34}},"1":{"start":{"line":14,"column":16},"end":{"line":14,"column":31}},"2":{"start":{"line":6,"column":16},"end":{"line":6,"column":30}},"3":{"start":{"line":7,"column":18},"end":{"line":7,"column":null}},"4":{"start":{"line":8,"column":2},"end":{"line":11,"column":null}},"5":{"start":{"line":15,"column":2},"end":{"line":15,"column":null}},"6":{"start":{"line":19,"column":2},"end":{"line":19,"column":null}}},"fnMap":{"0":{"name":"incrementLife","decl":{"start":{"line":6,"column":16},"end":{"line":6,"column":30}},"loc":{"start":{"line":6,"column":66},"end":{"line":12,"column":null}}},"1":{"name":"incrementByOne","decl":{"start":{"line":14,"column":16},"end":{"line":14,"column":31}},"loc":{"start":{"line":14,"column":71},"end":{"line":16,"column":null}}},"2":{"name":"incrementByAmount","decl":{"start":{"line":18,"column":16},"end":{"line":18,"column":34}},"loc":{"start":{"line":18,"column":90},"end":{"line":20,"column":null}}}},"branchMap":{},"s":{"0":44,"1":28,"2":8,"3":80,"4":80,"5":28,"6":44},"f":{"0":80,"1":28,"2":44},"b":{}}
}
