TN:
SF:components/player-panel.tsx
FN:8,contrast
FN:16,PlayerPanel
FN:22,(anonymous_6)
FN:34,(anonymous_7)
FN:38,(anonymous_8)
FN:57,(anonymous_9)
FN:77,(anonymous_10)
FNF:7
FNH:6
FNDA:16,contrast
FNDA:16,PlayerPanel
FNDA:15,(anonymous_6)
FNDA:15,(anonymous_7)
FNDA:0,(anonymous_8)
FNDA:4,(anonymous_9)
FNDA:3,(anonymous_10)
DA:3,1
DA:5,1
DA:9,16
DA:10,16
DA:11,16
DA:12,16
DA:13,16
DA:16,14
DA:17,16
DA:18,16
DA:19,16
DA:20,16
DA:22,16
DA:23,15
DA:24,15
DA:25,2
DA:26,2
DA:27,2
DA:28,13
DA:29,0
DA:30,0
DA:34,16
DA:35,15
DA:36,1
DA:37,1
DA:38,1
DA:39,0
DA:40,0
DA:45,16
DA:46,16
DA:57,4
DA:77,3
LF:32
LH:28
BRDA:13,0,0,16
BRDA:13,0,1,0
BRDA:24,1,0,2
BRDA:24,1,1,13
BRDA:25,2,0,2
BRDA:25,2,1,0
BRDA:28,3,0,0
BRDA:28,3,1,13
BRDA:35,4,0,1
BRDA:35,4,1,14
BRDA:35,5,0,15
BRDA:35,5,1,1
BRDA:37,6,0,0
BRDA:37,6,1,1
BRDA:48,7,0,0
BRDA:48,7,1,16
BRDA:50,8,0,0
BRDA:50,8,1,16
BRDA:52,9,0,0
BRDA:52,9,1,16
BRDA:60,10,0,16
BRDA:60,10,1,16
BRDA:68,11,0,1
BRDA:68,11,1,1
BRDA:80,12,0,16
BRF:25
BRH:18
end_of_record
TN:
SF:lib/increment.ts
FN:6,incrementLife
FN:14,incrementByOne
FN:18,incrementByAmount
FNF:3
FNH:3
FNDA:80,incrementLife
FNDA:28,incrementByOne
FNDA:44,incrementByAmount
DA:6,8
DA:7,80
DA:8,80
DA:14,28
DA:15,28
DA:18,44
DA:19,44
LF:7
LH:7
BRF:0
BRH:0
end_of_record
